# JRE version: OpenJDK Runtime Environment (11.0.8+10) (build 11.0.8+10-b944.6842174)
# Java VM: OpenJDK 64-Bit Server VM (11.0.8+10-b944.6842174, mixed mode, tiered, compressed oops, g1 gc, windows-amd64)
Heap:
 garbage-first heap   total 1085440K, used 208979K [0x0000000080000000, 0x0000000100000000)
  region size 1024K, 3 young (3072K), 3 survivors (3072K)
 Metaspace       used 124902K, capacity 127922K, committed 128384K, reserved 1161216K
  class space    used 15474K, capacity 16579K, committed 16768K, reserved 1048576K
GC Heap History (20 events):
Event: 765.426 GC heap after
{Heap after GC invocations=96 (full 0):
 garbage-first heap   total 287744K, used 158191K [0x0000000080000000, 0x0000000100000000)
  region size 1024K, 8 young (8192K), 8 survivors (8192K)
 Metaspace       used 124769K, capacity 127780K, committed 128384K, reserved 1161216K
  class space    used 15466K, capacity 16567K, committed 16768K, reserved 1048576K
}
Event: 765.935 GC heap before
{Heap before GC invocations=96 (full 0):
 garbage-first heap   total 287744K, used 164335K [0x0000000080000000, 0x0000000100000000)
  region size 1024K, 14 young (14336K), 8 survivors (8192K)
 Metaspace       used 124770K, capacity 127780K, committed 128384K, reserved 1161216K
  class space    used 15466K, capacity 16567K, committed 16768K, reserved 1048576K
}
Event: 766.058 GC heap after
{Heap after GC invocations=97 (full 0):
 garbage-first heap   total 287744K, used 155056K [0x0000000080000000, 0x0000000100000000)
  region size 1024K, 2 young (2048K), 2 survivors (2048K)
 Metaspace       used 124770K, capacity 127780K, committed 128384K, reserved 1161216K
  class space    used 15466K, capacity 16567K, committed 16768K, reserved 1048576K
}
Event: 766.564 GC heap before
{Heap before GC invocations=97 (full 0):
 garbage-first heap   total 287744K, used 168368K [0x0000000080000000, 0x0000000100000000)
  region size 1024K, 14 young (14336K), 2 survivors (2048K)
 Metaspace       used 124778K, capacity 127784K, committed 128384K, reserved 1161216K
  class space    used 15467K, capacity 16569K, committed 16768K, reserved 1048576K
}
Event: 766.688 GC heap after
{Heap after GC invocations=98 (full 0):
 garbage-first heap   total 287744K, used 159744K [0x0000000080000000, 0x0000000100000000)
  region size 1024K, 2 young (2048K), 2 survivors (2048K)
 Metaspace       used 124778K, capacity 127784K, committed 128384K, reserved 1161216K
  class space    used 15467K, capacity 16569K, committed 16768K, reserved 1048576K
}
Event: 766.973 GC heap before
{Heap before GC invocations=98 (full 0):
 garbage-first heap   total 287744K, used 172032K [0x0000000080000000, 0x0000000100000000)
  region size 1024K, 14 young (14336K), 2 survivors (2048K)
 Metaspace       used 124847K, capacity 127891K, committed 128384K, reserved 1161216K
  class space    used 15474K, capacity 16579K, committed 16768K, reserved 1048576K
}
Event: 767.123 GC heap after
{Heap after GC invocations=99 (full 0):
 garbage-first heap   total 287744K, used 162255K [0x0000000080000000, 0x0000000100000000)
  region size 1024K, 2 young (2048K), 2 survivors (2048K)
 Metaspace       used 124847K, capacity 127891K, committed 128384K, reserved 1161216K
  class space    used 15474K, capacity 16579K, committed 16768K, reserved 1048576K
}
Event: 767.409 GC heap before
{Heap before GC invocations=99 (full 0):
 garbage-first heap   total 287744K, used 174543K [0x0000000080000000, 0x0000000100000000)
  region size 1024K, 14 young (14336K), 2 survivors (2048K)
 Metaspace       used 124847K, capacity 127891K, committed 128384K, reserved 1161216K
  class space    used 15474K, capacity 16579K, committed 16768K, reserved 1048576K
}
Event: 767.578 GC heap after
{Heap after GC invocations=100 (full 0):
 garbage-first heap   total 287744K, used 169984K [0x0000000080000000, 0x0000000100000000)
  region size 1024K, 2 young (2048K), 2 survivors (2048K)
 Metaspace       used 124847K, capacity 127891K, committed 128384K, reserved 1161216K
  class space    used 15474K, capacity 16579K, committed 16768K, reserved 1048576K
}
Event: 769.222 GC heap before
{Heap before GC invocations=100 (full 0):
 garbage-first heap   total 287744K, used 205824K [0x0000000080000000, 0x0000000100000000)
  region size 1024K, 38 young (38912K), 2 survivors (2048K)
 Metaspace       used 124867K, capacity 127896K, committed 128384K, reserved 1161216K
  class space    used 15474K, capacity 16579K, committed 16768K, reserved 1048576K
}
Event: 769.638 GC heap after
{Heap after GC invocations=101 (full 0):
 garbage-first heap   total 410624K, used 179920K [0x0000000080000000, 0x0000000100000000)
  region size 1024K, 5 young (5120K), 5 survivors (5120K)
 Metaspace       used 124867K, capacity 127896K, committed 128384K, reserved 1161216K
  class space    used 15474K, capacity 16579K, committed 16768K, reserved 1048576K
}
Event: 770.293 GC heap before
{Heap before GC invocations=101 (full 0):
 garbage-first heap   total 410624K, used 196304K [0x0000000080000000, 0x0000000100000000)
  region size 1024K, 20 young (20480K), 5 survivors (5120K)
 Metaspace       used 124869K, capacity 127896K, committed 128384K, reserved 1161216K
  class space    used 15474K, capacity 16579K, committed 16768K, reserved 1048576K
}
Event: 774.880 GC heap after
{Heap after GC invocations=102 (full 0):
 garbage-first heap   total 410624K, used 186298K [0x0000000080000000, 0x0000000100000000)
  region size 1024K, 3 young (3072K), 3 survivors (3072K)
 Metaspace       used 124869K, capacity 127896K, committed 128384K, reserved 1161216K
  class space    used 15474K, capacity 16579K, committed 16768K, reserved 1048576K
}
Event: 776.608 GC heap before
{Heap before GC invocations=103 (full 0):
 garbage-first heap   total 410624K, used 212922K [0x0000000080000000, 0x0000000100000000)
  region size 1024K, 20 young (20480K), 3 survivors (3072K)
 Metaspace       used 124876K, capacity 127896K, committed 128384K, reserved 1161216K
  class space    used 15474K, capacity 16579K, committed 16768K, reserved 1048576K
}
Event: 776.702 GC heap after
{Heap after GC invocations=104 (full 0):
 garbage-first heap   total 410624K, used 200227K [0x0000000080000000, 0x0000000100000000)
  region size 1024K, 3 young (3072K), 3 survivors (3072K)
 Metaspace       used 124876K, capacity 127896K, committed 128384K, reserved 1161216K
  class space    used 15474K, capacity 16579K, committed 16768K, reserved 1048576K
}
Event: 776.863 GC heap before
{Heap before GC invocations=104 (full 0):
 garbage-first heap   total 410624K, used 217635K [0x0000000080000000, 0x0000000100000000)
  region size 1024K, 20 young (20480K), 3 survivors (3072K)
 Metaspace       used 124876K, capacity 127896K, committed 128384K, reserved 1161216K
  class space    used 15474K, capacity 16579K, committed 16768K, reserved 1048576K
}
Event: 776.885 GC heap after
{Heap after GC invocations=105 (full 0):
 garbage-first heap   total 410624K, used 200415K [0x0000000080000000, 0x0000000100000000)
  region size 1024K, 2 young (2048K), 2 survivors (2048K)
 Metaspace       used 124876K, capacity 127896K, committed 128384K, reserved 1161216K
  class space    used 15474K, capacity 16579K, committed 16768K, reserved 1048576K
}
Event: 776.994 GC heap before
{Heap before GC invocations=105 (full 0):
 garbage-first heap   total 410624K, used 202463K [0x0000000080000000, 0x0000000100000000)
  region size 1024K, 5 young (5120K), 2 survivors (2048K)
 Metaspace       used 124876K, capacity 127896K, committed 128384K, reserved 1161216K
  class space    used 15474K, capacity 16579K, committed 16768K, reserved 1048576K
}
Event: 777.097 GC heap after
{Heap after GC invocations=106 (full 0):
 garbage-first heap   total 410624K, used 202739K [0x0000000080000000, 0x0000000100000000)
  region size 1024K, 2 young (2048K), 2 survivors (2048K)
 Metaspace       used 124876K, capacity 127896K, committed 128384K, reserved 1161216K
  class space    used 15474K, capacity 16579K, committed 16768K, reserved 1048576K
}
Event: 777.440 GC heap before
{Heap before GC invocations=106 (full 0):
 garbage-first heap   total 410624K, used 226291K [0x0000000080000000, 0x0000000100000000)
  region size 1024K, 20 young (20480K), 2 survivors (2048K)
 Metaspace       used 124902K, capacity 127922K, committed 128384K, reserved 1161216K
  class space    used 15474K, capacity 16579K, committed 16768K, reserved 1048576K
}

